[debug] [2021-04-12T12:28:41.709Z] ----------------------------------------------------------------------
[debug] [2021-04-12T12:28:41.711Z] Command:       C:\Program Files\nodejs\node.exe C:\Users\yoyoh\AppData\Roaming\npm\node_modules\firebase-tools\lib\bin\firebase.js init
[debug] [2021-04-12T12:28:41.712Z] CLI Version:   9.9.0
[debug] [2021-04-12T12:28:41.712Z] Platform:      win32
[debug] [2021-04-12T12:28:41.712Z] Node Version:  v14.16.0
[debug] [2021-04-12T12:28:41.713Z] Time:          Mon Apr 12 2021 07:28:41 GMT-0500 (Central Daylight Time)
[debug] [2021-04-12T12:28:41.713Z] ----------------------------------------------------------------------
[debug] 
[debug] [2021-04-12T12:28:41.719Z] > command requires scopes: ["email","openid","https://www.googleapis.com/auth/cloudplatformprojects.readonly","https://www.googleapis.com/auth/firebase","https://www.googleapis.com/auth/cloud-platform"]
[debug] [2021-04-12T12:28:41.719Z] > authorizing via signed-in user (yoyohigazy77@gmail.com)
[info] 
     ######## #### ########  ######## ########     ###     ######  ########
     ##        ##  ##     ## ##       ##     ##  ##   ##  ##       ##
     ######    ##  ########  ######   ########  #########  ######  ######
     ##        ##  ##    ##  ##       ##     ## ##     ##       ## ##
     ##       #### ##     ## ######## ########  ##     ##  ######  ########

You're about to initialize a Firebase project in this directory:

  C:\Users\yoyoh\Downloads\Code Development\Calculator-FE\weight-calculator

[debug] [2021-04-12T12:29:27.239Z] ----------------------------------------------------------------------
[debug] [2021-04-12T12:29:27.241Z] Command:       C:\Program Files\nodejs\node.exe C:\Users\yoyoh\AppData\Roaming\npm\node_modules\firebase-tools\lib\bin\firebase.js init
[debug] [2021-04-12T12:29:27.241Z] CLI Version:   9.9.0
[debug] [2021-04-12T12:29:27.241Z] Platform:      win32
[debug] [2021-04-12T12:29:27.241Z] Node Version:  v14.16.0
[debug] [2021-04-12T12:29:27.242Z] Time:          Mon Apr 12 2021 07:29:27 GMT-0500 (Central Daylight Time)
[debug] [2021-04-12T12:29:27.242Z] ----------------------------------------------------------------------
[debug] 
[debug] [2021-04-12T12:29:27.249Z] > command requires scopes: ["email","openid","https://www.googleapis.com/auth/cloudplatformprojects.readonly","https://www.googleapis.com/auth/firebase","https://www.googleapis.com/auth/cloud-platform"]
[debug] [2021-04-12T12:29:27.249Z] > authorizing via signed-in user (yoyohigazy77@gmail.com)
[info] 
     ######## #### ########  ######## ########     ###     ######  ########
     ##        ##  ##     ## ##       ##     ##  ##   ##  ##       ##
     ######    ##  ########  ######   ########  #########  ######  ######
     ##        ##  ##    ##  ##       ##     ## ##     ##       ## ##
     ##       #### ##     ## ######## ########  ##     ##  ######  ########

You're about to initialize a Firebase project in this directory:

  C:\Users\yoyoh\Downloads\Code Development\Calculator-FE\weight-calculator

[debug] [2021-04-12T12:29:54.942Z] ----------------------------------------------------------------------
[debug] [2021-04-12T12:29:54.944Z] Command:       C:\Program Files\nodejs\node.exe C:\Users\yoyoh\AppData\Roaming\npm\node_modules\firebase-tools\lib\bin\firebase.js init
[debug] [2021-04-12T12:29:54.944Z] CLI Version:   9.9.0
[debug] [2021-04-12T12:29:54.944Z] Platform:      win32
[debug] [2021-04-12T12:29:54.944Z] Node Version:  v14.16.0
[debug] [2021-04-12T12:29:54.945Z] Time:          Mon Apr 12 2021 07:29:54 GMT-0500 (Central Daylight Time)
[debug] [2021-04-12T12:29:54.946Z] ----------------------------------------------------------------------
[debug] 
[debug] [2021-04-12T12:29:54.952Z] > command requires scopes: ["email","openid","https://www.googleapis.com/auth/cloudplatformprojects.readonly","https://www.googleapis.com/auth/firebase","https://www.googleapis.com/auth/cloud-platform"]
[debug] [2021-04-12T12:29:54.952Z] > authorizing via signed-in user (yoyohigazy77@gmail.com)
[info] 
     ######## #### ########  ######## ########     ###     ######  ########
     ##        ##  ##     ## ##       ##     ##  ##   ##  ##       ##
     ######    ##  ########  ######   ########  #########  ######  ######
     ##        ##  ##    ##  ##       ##     ## ##     ##       ## ##
     ##       #### ##     ## ######## ########  ##     ##  ######  ########

You're about to initialize a Firebase project in this directory:

  C:\Users\yoyoh\Downloads\Code Development\Calculator-FE\weight-calculator

[debug] [2021-04-12T12:31:01.753Z] ----------------------------------------------------------------------
[debug] [2021-04-12T12:31:01.755Z] Command:       C:\Program Files\nodejs\node.exe C:\Users\yoyoh\AppData\Roaming\npm\node_modules\firebase-tools\lib\bin\firebase.js init
[debug] [2021-04-12T12:31:01.756Z] CLI Version:   9.9.0
[debug] [2021-04-12T12:31:01.756Z] Platform:      win32
[debug] [2021-04-12T12:31:01.756Z] Node Version:  v14.16.0
[debug] [2021-04-12T12:31:01.757Z] Time:          Mon Apr 12 2021 07:31:01 GMT-0500 (Central Daylight Time)
[debug] [2021-04-12T12:31:01.757Z] ----------------------------------------------------------------------
[debug] 
[debug] [2021-04-12T12:31:01.763Z] > command requires scopes: ["email","openid","https://www.googleapis.com/auth/cloudplatformprojects.readonly","https://www.googleapis.com/auth/firebase","https://www.googleapis.com/auth/cloud-platform"]
[debug] [2021-04-12T12:31:01.763Z] > authorizing via signed-in user (yoyohigazy77@gmail.com)
[info] 
     ######## #### ########  ######## ########     ###     ######  ########
     ##        ##  ##     ## ##       ##     ##  ##   ##  ##       ##
     ######    ##  ########  ######   ########  #########  ######  ######
     ##        ##  ##    ##  ##       ##     ## ##     ##       ## ##
     ##       #### ##     ## ######## ########  ##     ##  ######  ########

You're about to initialize a Firebase project in this directory:

  C:\Users\yoyoh\Downloads\Code Development\Calculator-FE\weight-calculator

[info] 
=== Project Setup
[info] 
[info] First, let's associate this project directory with a Firebase project.
[info] You can create multiple project aliases by running firebase use --add, 
[info] but for now we'll just set up a default project.
[info] 
[debug] [2021-04-12T12:31:31.853Z] >>> [apiv2][query] GET https://firebase.googleapis.com/v1beta1/projects pageSize=100
[debug] [2021-04-12T12:31:32.748Z] <<< [apiv2][status] GET https://firebase.googleapis.com/v1beta1/projects 200
[debug] [2021-04-12T12:31:32.748Z] <<< [apiv2][body] GET https://firebase.googleapis.com/v1beta1/projects [omitted]
[info] i  Using project weight-calculations (weight-calculations) 
[info] 
=== Hosting Setup
[info] 
[info] Your public directory is the folder (relative to your project directory) that
[info] will contain Hosting assets to be uploaded with firebase deploy. If you
[info] have a build process for your assets, use your build's output directory.
[info] 
[debug] [2021-04-12T12:31:55.454Z] >>> [apiv2][query] GET https://www.gstatic.com/firebasejs/releases.json [none]
[debug] [2021-04-12T12:31:55.975Z] <<< [apiv2][status] GET https://www.gstatic.com/firebasejs/releases.json 200
